<?xml version="1.0" encoding="UTF-8"?>
<testsuite xmlns:xsi="http://www.w3.org/2001/XMLSchema-instance" xsi:noNamespaceSchemaLocation="https://maven.apache.org/surefire/maven-surefire-plugin/xsd/surefire-test-report-3.0.xsd" version="3.0" name="com.centuryply.portal.controller.AuthControllerSecurityTest" time="3.686" tests="1" errors="0" skipped="0" failures="0">
  <properties>
[...]
</properties>
  <testcase name="registerEndpointRequiresAuthentication" classname="com.centuryply.portal.controller.AuthControllerSecurityTest" time="0.293">
    <system-out><![CDATA[15:11:29.954 [main] INFO org.springframework.test.context.support.AnnotationConfigContextLoaderUtils -- Could not detect default configuration classes for test class [com.centuryply.portal.controller.AuthControllerSecurityTest]: AuthControllerSecurityTest does not declare any static, non-private, non-final, nested classes annotated with @Configuration.
15:11:30.095 [main] INFO org.springframework.boot.test.context.SpringBootTestContextBootstrapper -- Found @SpringBootConfiguration com.centuryply.portal.PortalBackendApplication for test class com.centuryply.portal.controller.AuthControllerSecurityTest

  .   ____          _            __ _ _
 /\\ / ___'_ __ _ _(_)_ __  __ _ \ \ \ \
( ( )\___ | '_ | '_| | '_ \/ _` | \ \ \ \
 \\/  ___)| |_)| | | | | || (_| |  ) ) ) )
  '  |____| .__|_| |_|_| |_\__, | / / / /
 =========|_|==============|___/=/_/_/_/
 :: Spring Boot ::                (v3.2.0)

2026-07-10T15:11:30.510+05:30  INFO 28084 --- [           main] c.c.p.c.AuthControllerSecurityTest       : Starting AuthControllerSecurityTest using Java 17.0.19 with PID 28084 (started by Dell in D:\CENT-PLY\backend)
2026-07-10T15:11:30.510+05:30 DEBUG 28084 --- [           main] c.c.p.c.AuthControllerSecurityTest       : Running with Spring Boot v3.2.0, Spring v6.1.1
2026-07-10T15:11:30.511+05:30  INFO 28084 --- [           main] c.c.p.c.AuthControllerSecurityTest       : No active profile set, falling back to 1 default profile: "default"
2026-07-10T15:11:32.542+05:30  INFO 28084 --- [           main] o.s.b.a.w.s.WelcomePageHandlerMapping    : Adding welcome page: class path resource [static/index.html]
2026-07-10T15:11:32.912+05:30  WARN 28084 --- [           main] .s.s.UserDetailsServiceAutoConfiguration : 

Using generated security password: 5c7f041e-eeb2-46f9-88e4-e611b78eddd8

This generated password is for development use only. Your security configuration must be updated before running your application in production.

2026-07-10T15:11:33.072+05:30  INFO 28084 --- [           main] o.s.s.web.DefaultSecurityFilterChain     : Will secure any request with [org.springframework.security.web.session.DisableEncodeUrlFilter@7c226095, org.springframework.security.web.context.request.async.WebAsyncManagerIntegrationFilter@7ea07516, org.springframework.security.web.context.SecurityContextHolderFilter@995ad50, org.springframework.security.web.header.HeaderWriterFilter@7ed8b44, org.springframework.web.filter.CorsFilter@30af23fd, org.springframework.security.web.csrf.CsrfFilter@68b3248a, org.springframework.security.web.authentication.logout.LogoutFilter@4b343b6d, org.springframework.security.web.authentication.UsernamePasswordAuthenticationFilter@2bfc8558, org.springframework.security.web.authentication.ui.DefaultLoginPageGeneratingFilter@7c0de229, org.springframework.security.web.authentication.ui.DefaultLogoutPageGeneratingFilter@65fc8edc, org.springframework.security.web.authentication.www.BasicAuthenticationFilter@4f402027, org.springframework.security.web.savedrequest.RequestCacheAwareFilter@36525ab, org.springframework.security.web.servletapi.SecurityContextHolderAwareRequestFilter@27438750, org.springframework.security.web.authentication.AnonymousAuthenticationFilter@a357c3e, org.springframework.security.web.access.ExceptionTranslationFilter@35010a6b, org.springframework.security.web.access.intercept.AuthorizationFilter@66d2885c]
2026-07-10T15:11:33.119+05:30  INFO 28084 --- [           main] o.s.b.t.m.w.SpringBootMockServletContext : Initializing Spring TestDispatcherServlet ''
2026-07-10T15:11:33.120+05:30  INFO 28084 --- [           main] o.s.t.web.servlet.TestDispatcherServlet  : Initializing Servlet ''
2026-07-10T15:11:33.122+05:30  INFO 28084 --- [           main] o.s.t.web.servlet.TestDispatcherServlet  : Completed initialization in 2 ms
2026-07-10T15:11:33.153+05:30  INFO 28084 --- [           main] c.c.p.c.AuthControllerSecurityTest       : Started AuthControllerSecurityTest in 2.985 seconds (process running for 3.947)
]]></system-out>
  </testcase>
</testsuite>